[INFO  - 2018-06-18T06:08:07.976Z] GhostDriver - Main - running on port 46317
[INFO  - 2018-06-18T06:08:08.903Z] Session [f922e840-72bd-11e8-806e-e356e1217ab2] - page.settings - {"XSSAuditingEnabled":false,"javascriptCanCloseWindows":true,"javascriptCanOpenWindows":true,"javascriptEnabled":true,"loadImages":true,"localToRemoteUrlAccessEnabled":false,"userAgent":"Mozilla/5.0 (Unknown; Linux x86_64) AppleWebKit/538.1 (KHTML, like Gecko) PhantomJS/2.1.1 Safari/538.1","webSecurityEnabled":true}
[INFO  - 2018-06-18T06:08:08.904Z] Session [f922e840-72bd-11e8-806e-e356e1217ab2] - page.customHeaders:  - {}
[INFO  - 2018-06-18T06:08:08.904Z] Session [f922e840-72bd-11e8-806e-e356e1217ab2] - Session.negotiatedCapabilities - {"browserName":"phantomjs","version":"2.1.1","driverName":"ghostdriver","driverVersion":"1.2.0","platform":"linux-unknown-64bit","javascriptEnabled":true,"takesScreenshot":true,"handlesAlerts":false,"databaseEnabled":false,"locationContextEnabled":false,"applicationCacheEnabled":false,"browserConnectionEnabled":false,"cssSelectorsEnabled":true,"webStorageEnabled":false,"rotatable":false,"acceptSslCerts":false,"nativeEvents":true,"proxy":{"proxyType":"direct"}}
[INFO  - 2018-06-18T06:08:08.904Z] SessionManagerReqHand - _postNewSessionCommand - New Session Created: f922e840-72bd-11e8-806e-e356e1217ab2
[ERROR - 2018-06-18T06:08:12.794Z] WebElementLocator - _handleLocateCommand - Element(s) NOT Found: GAVE UP. Search Stop Time: 1529302092756

  phantomjs://platform/console++.js:263 in error
[ERROR - 2018-06-18T06:08:13.593Z] WebElementLocator - _handleLocateCommand - Element(s) NOT Found: GAVE UP. Search Stop Time: 1529302093568

  phantomjs://platform/console++.js:263 in error
[ERROR - 2018-06-18T06:08:14.390Z] WebElementLocator - _handleLocateCommand - Element(s) NOT Found: GAVE UP. Search Stop Time: 1529302094365

  phantomjs://platform/console++.js:263 in error
[ERROR - 2018-06-18T06:08:15.189Z] WebElementLocator - _handleLocateCommand - Element(s) NOT Found: GAVE UP. Search Stop Time: 1529302095165

  phantomjs://platform/console++.js:263 in error
[ERROR - 2018-06-18T06:08:15.989Z] WebElementLocator - _handleLocateCommand - Element(s) NOT Found: GAVE UP. Search Stop Time: 1529302095969

  phantomjs://platform/console++.js:263 in error
[ERROR - 2018-06-18T06:08:16.789Z] WebElementLocator - _handleLocateCommand - Element(s) NOT Found: GAVE UP. Search Stop Time: 1529302096764

  phantomjs://platform/console++.js:263 in error
[ERROR - 2018-06-18T06:08:17.587Z] WebElementLocator - _handleLocateCommand - Element(s) NOT Found: GAVE UP. Search Stop Time: 1529302097562

  phantomjs://platform/console++.js:263 in error
[ERROR - 2018-06-18T06:08:18.370Z] WebElementLocator - _handleLocateCommand - Element(s) NOT Found: GAVE UP. Search Stop Time: 1529302098355

  phantomjs://platform/console++.js:263 in error
[ERROR - 2018-06-18T06:08:19.104Z] WebElementLocator - _handleLocateCommand - Element(s) NOT Found: GAVE UP. Search Stop Time: 1529302099078

  phantomjs://platform/console++.js:263 in error
[ERROR - 2018-06-18T06:08:19.880Z] WebElementLocator - _handleLocateCommand - Element(s) NOT Found: GAVE UP. Search Stop Time: 1529302099858

  phantomjs://platform/console++.js:263 in error
[ERROR - 2018-06-18T06:08:20.663Z] WebElementLocator - _handleLocateCommand - Element(s) NOT Found: GAVE UP. Search Stop Time: 1529302100640

  phantomjs://platform/console++.js:263 in error
[ERROR - 2018-06-18T06:08:21.456Z] WebElementLocator - _handleLocateCommand - Element(s) NOT Found: GAVE UP. Search Stop Time: 1529302101433

  phantomjs://platform/console++.js:263 in error
[ERROR - 2018-06-18T06:08:22.241Z] WebElementLocator - _handleLocateCommand - Element(s) NOT Found: GAVE UP. Search Stop Time: 1529302102221

  phantomjs://platform/console++.js:263 in error
